2025-09-04 22:10:54,235 - INFO - Ingesting purchases.csv in db
2025-09-04 22:11:05,655 - INFO - Ingesting purchase_prices.csv in db
2025-09-04 22:11:05,698 - INFO - Ingesting vendor_invoice.csv in db
2025-09-04 22:11:05,817 - INFO - Ingesting begin_inventory.csv in db
2025-09-04 22:11:06,498 - INFO - Ingesting end_inventory.csv in db
2025-09-04 22:11:13,866 - INFO - Ingesting sales.csv in db
2025-09-04 22:13:17,055 - INFO - ___________Ingestion Complete___________
2025-09-04 22:13:17,055 - INFO - 
Total Time Taken: 2.409235179424286 minutes
2025-09-05 02:49:15,503 - INFO - Creating Vendor Summary Table.....
2025-09-05 02:49:23,273 - INFO -    VendorNumber                   VendorName  Brand              Description  \
0          1128  BROWN-FORMAN CORP             1233  Jack Daniels No 7 Black   
1          4425        MARTIGNETTI COMPANIES   3405    Tito's Handmade Vodka   
2         17035  PERNOD RICARD USA             8068         Absolut 80 Proof   
3          3960  DIAGEO NORTH AMERICA INC      4261   Capt Morgan Spiced Rum   
4          3960  DIAGEO NORTH AMERICA INC      3545          Ketel One Vodka   

   PurchasePrice  ActualPrice Volume  TotalPurchaseQuantity  \
0          26.27        36.99   1750                 145080   
1          23.19        28.99   1750                 164038   
2          18.24        24.99   1750                 187407   
3          16.17        22.99   1750                 201682   
4          21.89        29.99   1750                 138109   

   TotalPurchaseDollars  TotalSalesQuantity  TotalSalesDollars  \
0            3811251.60            142049.0         5101919.51   
1            3804041.22            160247.0         4819073.49   
2            3418303.68            187140.0         4538120.60   
3            3261197.94            200412.0         4475972.88   
4            3023206.01            135838.0         4223107.62   

   TotalSalesPrice  TotalExciseTax  FreightCost  
0        672819.31       260999.20     68601.68  
1        561512.37       294438.66    144929.24  
2        461140.15       343854.07    123780.22  
3        420050.01       368242.80    257032.07  
4        545778.28       249587.83    257032.07  
2025-09-05 02:49:23,275 - INFO - Cleaning Data.....
2025-09-05 02:49:23,279 - INFO -    VendorNumber                VendorName  Brand              Description  \
0          1128         BROWN-FORMAN CORP   1233  Jack Daniels No 7 Black   
1          4425     MARTIGNETTI COMPANIES   3405    Tito's Handmade Vodka   
2         17035         PERNOD RICARD USA   8068         Absolut 80 Proof   
3          3960  DIAGEO NORTH AMERICA INC   4261   Capt Morgan Spiced Rum   
4          3960  DIAGEO NORTH AMERICA INC   3545          Ketel One Vodka   

   PurchasePrice  ActualPrice  Volume  TotalPurchaseQuantity  \
0          26.27        36.99  1750.0                 145080   
1          23.19        28.99  1750.0                 164038   
2          18.24        24.99  1750.0                 187407   
3          16.17        22.99  1750.0                 201682   
4          21.89        29.99  1750.0                 138109   

   TotalPurchaseDollars  TotalSalesQuantity  TotalSalesDollars  \
0            3811251.60            142049.0         5101919.51   
1            3804041.22            160247.0         4819073.49   
2            3418303.68            187140.0         4538120.60   
3            3261197.94            200412.0         4475972.88   
4            3023206.01            135838.0         4223107.62   

   TotalSalesPrice  TotalExciseTax  FreightCost  GrossProfit  ProfitMargin  \
0        672819.31       260999.20     68601.68   1290667.91     25.297693   
1        561512.37       294438.66    144929.24   1015032.27     21.062810   
2        461140.15       343854.07    123780.22   1119816.92     24.675786   
3        420050.01       368242.80    257032.07   1214774.94     27.139908   
4        545778.28       249587.83    257032.07   1199901.61     28.412764   

   StockTurnover  SalesToPurchaseRatio  
0       0.979108              1.338647  
1       0.976890              1.266830  
2       0.998575              1.327594  
3       0.993703              1.372493  
4       0.983556              1.396897  
2025-09-05 02:49:23,280 - INFO - Ingesting data.....
2025-09-05 02:49:23,295 - INFO - Completed
2025-09-05 03:32:35,511 - INFO - Ingesting purchases.csv in db
2025-09-05 03:32:47,723 - INFO - Ingesting purchase_prices.csv in db
2025-09-05 03:32:47,764 - INFO - Ingesting vendor_invoice.csv in db
2025-09-05 03:32:47,885 - INFO - Ingesting begin_inventory.csv in db
2025-09-05 03:32:48,553 - INFO - Ingesting end_inventory.csv in db
2025-09-05 03:32:55,977 - INFO - Ingesting sales.csv in db
2025-09-05 03:35:06,127 - INFO - --------------Ingestion Complete------------
2025-09-05 03:35:06,128 - INFO - 
Total Time Taken: 2.540889032681783 minutes
2025-09-05 13:17:56,596 - INFO - Ingesting purchases.csv in db
2025-09-05 13:18:08,397 - INFO - Ingesting purchase_prices.csv in db
2025-09-05 13:18:08,441 - INFO - Ingesting vendor_invoice.csv in db
2025-09-05 13:18:08,563 - INFO - Ingesting begin_inventory.csv in db
2025-09-05 13:18:09,260 - INFO - Ingesting end_inventory.csv in db
2025-09-05 13:18:16,709 - INFO - Ingesting sales.csv in db
2025-09-05 13:20:26,768 - INFO - ___________Ingestion Complete___________
2025-09-05 13:20:26,771 - INFO - 
Total Time Taken: 2.535955286026001 minutes
2025-09-05 13:21:06,600 - INFO - Ingesting purchases.csv in db
2025-09-05 13:21:19,056 - INFO - Ingesting purchase_prices.csv in db
2025-09-05 13:21:19,113 - INFO - Ingesting vendor_invoice.csv in db
2025-09-05 13:21:19,255 - INFO - Ingesting begin_inventory.csv in db
2025-09-05 13:21:19,992 - INFO - Ingesting end_inventory.csv in db
2025-09-05 13:21:27,588 - INFO - Ingesting sales.csv in db
2025-09-05 13:23:33,209 - INFO - --------------Ingestion Complete------------
2025-09-05 13:23:33,209 - INFO - 
Total Time Taken: 2.473547418912252 minutes
2025-09-05 13:43:06,776 - INFO - Ingesting purchases.csv in db
2025-09-05 13:43:18,672 - INFO - Ingesting purchase_prices.csv in db
2025-09-05 13:43:18,714 - INFO - Ingesting vendor_invoice.csv in db
2025-09-05 13:43:18,835 - INFO - Ingesting begin_inventory.csv in db
2025-09-05 13:43:19,549 - INFO - Ingesting end_inventory.csv in db
2025-09-05 13:43:27,103 - INFO - Ingesting sales.csv in db
2025-09-05 13:45:33,160 - INFO - --------------Ingestion Complete------------
2025-09-05 13:45:33,163 - INFO - 
Total Time Taken: 2.4704901496569316 minutes
2025-09-05 13:53:35,971 - INFO - Ingesting purchases.csv in db
2025-09-05 13:53:47,756 - INFO - Ingesting purchase_prices.csv in db
2025-09-05 13:53:47,797 - INFO - Ingesting vendor_invoice.csv in db
2025-09-05 13:53:47,918 - INFO - Ingesting begin_inventory.csv in db
2025-09-05 13:53:48,639 - INFO - Ingesting end_inventory.csv in db
2025-09-05 13:53:56,197 - INFO - Ingesting sales.csv in db
2025-09-05 13:56:02,307 - INFO - --------------Ingestion Complete------------
2025-09-05 13:56:02,308 - INFO - 
Total Time Taken: 2.4686414996782937 minutes
2025-09-05 14:06:24,692 - INFO - Ingesting purchases.csv in db
2025-09-05 14:06:37,290 - INFO - Ingesting purchase_prices.csv in db
2025-09-05 14:06:37,333 - INFO - Ingesting vendor_invoice.csv in db
2025-09-05 14:06:37,454 - INFO - Ingesting begin_inventory.csv in db
2025-09-05 14:06:38,203 - INFO - Ingesting end_inventory.csv in db
2025-09-05 14:06:45,694 - INFO - Ingesting sales.csv in db
2025-09-05 14:08:51,367 - INFO - --------------Ingestion Complete------------
2025-09-05 14:08:51,371 - INFO - 
Total Time Taken: 2.4746193647384644 minutes
